<?xml version="1.0" encoding="UTF-8"?>
<!-- Generated by org.testng.reporters.JUnitReportReporter -->
<testsuite hostname="LAPTOP-OO0DI5VI" failures="0" tests="1" name="testCases.TC002_LoginTest" time="1.729" errors="0" timestamp="2025-08-24T15:10:50 IST" skipped="0">
  <testcase classname="testCases.TC002_LoginTest" name="verify_login" time="1.729"/>
</testsuite> <!-- testCases.TC002_LoginTest -->
